-------------------------------------------------------------------------------
Test set: edu.coursera.parallel.ReciprocalArraySumTest
-------------------------------------------------------------------------------
Tests run: 4, Failures: 4, Errors: 0, Skipped: 0, Time elapsed: 232.381 sec <<< FAILURE! - in edu.coursera.parallel.ReciprocalArraySumTest
testParManyTaskTwoMillion(edu.coursera.parallel.ReciprocalArraySumTest)  Time elapsed: 1.149 sec  <<< FAILURE!
junit.framework.AssertionFailedError: It was expected that the many-task parallel implementation would run at least 2.400000x faster, but it only achieved 1.666667x speedup
	at junit.framework.Assert.fail(Assert.java:47)
	at junit.framework.Assert.assertTrue(Assert.java:20)
	at edu.coursera.parallel.ReciprocalArraySumTest.testParManyTaskTwoMillion(ReciprocalArraySumTest.java:143)

testParManyTaskTwoHundredMillion(edu.coursera.parallel.ReciprocalArraySumTest)  Time elapsed: 103.766 sec  <<< FAILURE!
junit.framework.AssertionFailedError: It was expected that the many-task parallel implementation would run at least 3.200000x faster, but it only achieved 1.986111x speedup
	at junit.framework.Assert.fail(Assert.java:47)
	at junit.framework.Assert.assertTrue(Assert.java:20)
	at edu.coursera.parallel.ReciprocalArraySumTest.testParManyTaskTwoHundredMillion(ReciprocalArraySumTest.java:155)

testParSimpleTwoMillion(edu.coursera.parallel.ReciprocalArraySumTest)  Time elapsed: 2.098 sec  <<< FAILURE!
junit.framework.AssertionFailedError: It was expected that the two-task parallel implementation would run at least 1.500000x faster, but it only achieved 1.000000x speedup
	at junit.framework.Assert.fail(Assert.java:47)
	at junit.framework.Assert.assertTrue(Assert.java:20)
	at edu.coursera.parallel.ReciprocalArraySumTest.testParSimpleTwoMillion(ReciprocalArraySumTest.java:120)

testParSimpleTwoHundredMillion(edu.coursera.parallel.ReciprocalArraySumTest)  Time elapsed: 125.269 sec  <<< FAILURE!
junit.framework.AssertionFailedError: It was expected that the two-task parallel implementation would run at least 1.500000x faster, but it only achieved 1.032990x speedup
	at junit.framework.Assert.fail(Assert.java:47)
	at junit.framework.Assert.assertTrue(Assert.java:20)
	at edu.coursera.parallel.ReciprocalArraySumTest.testParSimpleTwoHundredMillion(ReciprocalArraySumTest.java:131)

